#
# A fatal error has been detected by the Java Runtime Environment:
#
#  EXCEPTION_ACCESS_VIOLATION (0xc0000005) at pc=0x00007ffeb51b3bed, pid=3224, tid=13508
#
# JRE version: Java(TM) SE Runtime Environment 18.9 (11.0.8+10) (build 11.0.8+10-LTS)
# Java VM: Java HotSpot(TM) 64-Bit Server VM 18.9 (11.0.8+10-LTS, mixed mode, tiered, compressed oops, parallel gc, windows-amd64)
# Problematic frame:
# V  [jvm.dll+0x513bed]
#
# No core dump will be written. Minidumps are not enabled by default on client versions of Windows
#
# If you would like to submit a bug report, please visit:
#   https://bugreport.java.com/bugreport/crash.jsp
#

---------------  S U M M A R Y ------------

Command Line: --add-modules=ALL-SYSTEM --add-opens=java.base/java.util=ALL-UNNAMED --add-opens=java.base/java.lang=ALL-UNNAMED -Declipse.application=org.eclipse.jdt.ls.core.id1 -Dosgi.bundles.defaultStartLevel=4 -Declipse.product=org.eclipse.jdt.ls.core.product -Dfile.encoding=utf8 -DwatchParentProcess=false -XX:+UseParallelGC -XX:GCTimeRatio=4 -XX:AdaptiveSizePolicyWeight=90 -Dsun.zip.disableMemoryMapping=true -Xmx1G -Xms100m -Xverify:none c:\Users\nico\.vscode\extensions\redhat.java-0.69.0\server\plugins\org.eclipse.equinox.launcher_1.5.800.v20200727-1323.jar -configuration c:\Users\nico\AppData\Roaming\Code\User\globalStorage\redhat.java\0.69.0\config_win -data c:\Users\nico\AppData\Roaming\Code\User\workspaceStorage\bf694bd6e8b9fedabf7e789737e17b8b\redhat.java\jdt_ws

Host: AMD Ryzen 9 3950X 16-Core Processor            , 32 cores, 31G,  Windows 10 , 64 bit Build 19041 (10.0.19041.546)
Time: Mon Nov  2 01:05:16 2020 Argentina Standard Time elapsed time: 617 seconds (0d 0h 10m 17s)

---------------  T H R E A D  ---------------

Current thread (0x000002737cf2a000):  JavaThread "C2 CompilerThread0" daemon [_thread_in_native, id=13508, stack(0x0000009c0f000000,0x0000009c0f100000)]


Current CompileTask:
C2: 617196 19055 %s!   4       org.eclipse.debug.core.sourcelookup.containers.ExternalArchiveSourceContainer::searchRoots @ 103 (420 bytes)

Stack: [0x0000009c0f000000,0x0000009c0f100000],  sp=0x0000009c0f0faf98,  free space=1003k
Native frames: (J=compiled Java code, j=interpreted, Vv=VM code, C=native code)
V  [jvm.dll+0x513bed]


siginfo: EXCEPTION_ACCESS_VIOLATION (0xc0000005), reading address 0x0000000000000000


Register to memory mapping:

RIP=0x00007ffeb51b3bed jvm.dll
RAX=0x00000273107b5d90 points into unknown readable memory: 00 00 00 00 00 00 00 00
RBX=0x0000000000000096 is an unknown value
RCX=0x0 is NULL
RDX=0x0000000000001000 is an unknown value
RSP=0x0000009c0f0faf98 is pointing into the stack for thread: 0x000002737cf2a000
RBP=0x0 is NULL
RSI=0x000002731313d9b0 points into unknown readable memory: 30 f3 49 b5 fe 7f 00 00
RDI=0x00000273107bbe80 points into unknown readable memory: 90 5d 7b 10 73 02 00 00
R8 =0x0000009c0f0fc070 is pointing into the stack for thread: 0x000002737cf2a000
R9 =0x000002730fe62398 points into unknown readable memory: 30 63 59 10 73 02 00 00
R10=0x0 is NULL
R11=0x0000000000000246 is an unknown value
R12=0x0000009c0f0fb080 is pointing into the stack for thread: 0x000002737cf2a000
R13=0x0 is NULL
R14=0x000002737e367100 points into unknown readable memory: 58 e5 02 00 01 00 00 00
R15=0x0000009c0f0fb0c8 is pointing into the stack for thread: 0x000002737cf2a000


Registers:
RAX=0x00000273107b5d90, RBX=0x0000000000000096, RCX=0x0000000000000000, RDX=0x0000000000001000
RSP=0x0000009c0f0faf98, RBP=0x0000000000000000, RSI=0x000002731313d9b0, RDI=0x00000273107bbe80
R8 =0x0000009c0f0fc070, R9 =0x000002730fe62398, R10=0x0000000000000000, R11=0x0000000000000246
R12=0x0000009c0f0fb080, R13=0x0000000000000000, R14=0x000002737e367100, R15=0x0000009c0f0fb0c8
RIP=0x00007ffeb51b3bed, EFLAGS=0x0000000000010206

Top of Stack: (sp=0x0000009c0f0faf98)
0x0000009c0f0faf98:   00007ffeb51c591d 0000000000000096
0x0000009c0f0fafa8:   0000009c0f0fb140 0000009c0f0fc070
0x0000009c0f0fafb8:   00000273022fcb50 000002737e3671c8
0x0000009c0f0fafc8:   0000000000000003 0000009c0f0fb0c8
0x0000009c0f0fafd8:   0000009c0f0fb080 00000273107b5d90
0x0000009c0f0fafe8:   00007ffeb51c5801 0000000000000000
0x0000009c0f0faff8:   0000009c0f0fb140 0000009c0f0fc070
0x0000009c0f0fb008:   0000000000000003 000002737e367100
0x0000009c0f0fb018:   00007ffeb54c8088 000002737cf21920
0x0000009c0f0fb028:   000002737e367100 0000000000000085
0x0000009c0f0fb038:   00007ffeb51c3a8c 0000009c0f0fc070
0x0000009c0f0fb048:   0000009c0000052c 0000009c0f0fc070
0x0000009c0f0fb058:   000002731642ec80 0000000000007ff0
0x0000009c0f0fb068:   000000000a000802 0000027304d27000
0x0000009c0f0fb078:   0000000000008020 00007ffeb552b460
0x0000009c0f0fb088:   000002737cf21920 0000027300000002 

Instructions: (pc=0x00007ffeb51b3bed)
0x00007ffeb51b3bcd:   75 24 8b 51 28 8b 48 28 3b ca 73 0a 49 8b 40 30
0x00007ffeb51b3bdd:   48 8b 04 c8 eb 02 33 c0 48 83 e0 fe 48 8b 48 08
0x00007ffeb51b3bed:   48 83 39 00 74 df 49 89 01 c3 cc cc cc cc cc cc
0x00007ffeb51b3bfd:   cc cc cc 48 89 5c 24 10 48 89 6c 24 18 48 89 74 


Stack slot to memory mapping:
stack at sp + 0 slots: 0x00007ffeb51c591d jvm.dll
stack at sp + 1 slots: 0x0000000000000096 is an unknown value
stack at sp + 2 slots: 0x0000009c0f0fb140 is pointing into the stack for thread: 0x000002737cf2a000
stack at sp + 3 slots: 0x0000009c0f0fc070 is pointing into the stack for thread: 0x000002737cf2a000
stack at sp + 4 slots: 0x00000273022fcb50 points into unknown readable memory: 00 00 00 00 00 00 00 00
stack at sp + 5 slots: 0x000002737e3671c8 points into unknown readable memory: 00 a0 f2 7c 73 02 00 00
stack at sp + 6 slots: 0x0000000000000003 is an unknown value
stack at sp + 7 slots: 0x0000009c0f0fb0c8 is pointing into the stack for thread: 0x000002737cf2a000


---------------  P R O C E S S  ---------------

Threads class SMR info:
_java_thread_list=0x0000027310986f70, length=51, elements={
0x00000273629c8000, 0x000002737e366000, 0x000002737e36a000, 0x000002737e3c2800,
0x000002737cf27800, 0x000002737cf2a000, 0x000002737e373000, 0x000002737e379800,
0x000002737e528800, 0x00000273021ce800, 0x0000027302d10800, 0x0000027303415800,
0x0000027303166000, 0x0000027302eb1000, 0x0000027302f80000, 0x00000273039af000,
0x00000273039f8800, 0x000002730fe0c800, 0x000002730fe0f000, 0x000002730fe10000,
0x000002730fe0d800, 0x000002730fe11800, 0x000002730fe14000, 0x000002730fe19800,
0x000002730fe15000, 0x000002730fe17800, 0x000002730fe16800, 0x000002730fe19000,
0x000002730fe13000, 0x000002730f137800, 0x000002730f13b000, 0x000002730f135000,
0x000002730f13b800, 0x00000273039f7800, 0x00000273039fa000, 0x00000273039f7000,
0x00000273039fb000, 0x00000273039f9800, 0x00000273039f6000, 0x000002730fe11000,
0x000002730fe0b000, 0x000002730f13f000, 0x000002730f13d800, 0x000002730fe0c000,
0x000002730fe15800, 0x000002730f13e000, 0x000002730f13a000, 0x000002730f139000,
0x000002730f13f800, 0x000002730f140800, 0x000002730f141800
}

Java Threads: ( => current thread )
  0x00000273629c8000 JavaThread "main" [_thread_blocked, id=16420, stack(0x0000009c0e900000,0x0000009c0ea00000)]
  0x000002737e366000 JavaThread "Reference Handler" daemon [_thread_blocked, id=15156, stack(0x0000009c0ec00000,0x0000009c0ed00000)]
  0x000002737e36a000 JavaThread "Finalizer" daemon [_thread_blocked, id=4648, stack(0x0000009c0ed00000,0x0000009c0ee00000)]
  0x000002737e3c2800 JavaThread "Signal Dispatcher" daemon [_thread_blocked, id=1524, stack(0x0000009c0ee00000,0x0000009c0ef00000)]
  0x000002737cf27800 JavaThread "Attach Listener" daemon [_thread_blocked, id=5436, stack(0x0000009c0ef00000,0x0000009c0f000000)]
=>0x000002737cf2a000 JavaThread "C2 CompilerThread0" daemon [_thread_in_native, id=13508, stack(0x0000009c0f000000,0x0000009c0f100000)]
  0x000002737e373000 JavaThread "C1 CompilerThread0" daemon [_thread_blocked, id=8828, stack(0x0000009c0f100000,0x0000009c0f200000)]
  0x000002737e379800 JavaThread "Sweeper thread" daemon [_thread_blocked, id=6672, stack(0x0000009c0f200000,0x0000009c0f300000)]
  0x000002737e528800 JavaThread "Common-Cleaner" daemon [_thread_blocked, id=20172, stack(0x0000009c0f300000,0x0000009c0f400000)]
  0x00000273021ce800 JavaThread "Service Thread" daemon [_thread_blocked, id=8652, stack(0x0000009c0f600000,0x0000009c0f700000)]
  0x0000027302d10800 JavaThread "Active Thread: Equinox Container: 4c80ae99-0be0-4d4a-b490-90b796196f4e" [_thread_blocked, id=15212, stack(0x0000009c0fa00000,0x0000009c0fb00000)]
  0x0000027303415800 JavaThread "Framework Event Dispatcher: Equinox Container: 4c80ae99-0be0-4d4a-b490-90b796196f4e" daemon [_thread_blocked, id=12816, stack(0x0000009c0fb00000,0x0000009c0fc00000)]
  0x0000027303166000 JavaThread "Start Level: Equinox Container: 4c80ae99-0be0-4d4a-b490-90b796196f4e" daemon [_thread_blocked, id=8924, stack(0x0000009c0ff00000,0x0000009c10000000)]
  0x0000027302eb1000 JavaThread "SCR Component Actor" daemon [_thread_blocked, id=2488, stack(0x0000009c10000000,0x0000009c10100000)]
  0x0000027302f80000 JavaThread "Worker-JM" [_thread_blocked, id=4328, stack(0x0000009c10400000,0x0000009c10500000)]
  0x00000273039af000 JavaThread "Java indexing" daemon [_thread_blocked, id=8232, stack(0x0000009c10900000,0x0000009c10a00000)]
  0x00000273039f8800 JavaThread "pool-1-thread-1" [_thread_in_native, id=5236, stack(0x0000009c11100000,0x0000009c11200000)]
  0x000002730fe0c800 JavaThread "Timer-1" [_thread_blocked, id=12848, stack(0x0000009c0f900000,0x0000009c0fa00000)]
  0x000002730fe0f000 JavaThread "Timer-2" [_thread_blocked, id=1244, stack(0x0000009c10300000,0x0000009c10400000)]
  0x000002730fe10000 JavaThread "Timer-3" [_thread_blocked, id=21484, stack(0x0000009c0f500000,0x0000009c0f600000)]
  0x000002730fe0d800 JavaThread "Timer-4" [_thread_blocked, id=22892, stack(0x0000009c11300000,0x0000009c11400000)]
  0x000002730fe11800 JavaThread "ForkJoinPool.commonPool-worker-51" daemon [_thread_blocked, id=22040, stack(0x0000009c12500000,0x0000009c12600000)]
  0x000002730fe14000 JavaThread "ForkJoinPool.commonPool-worker-37" daemon [_thread_blocked, id=6596, stack(0x0000009c12b00000,0x0000009c12c00000)]
  0x000002730fe19800 JavaThread "ForkJoinPool.commonPool-worker-23" daemon [_thread_blocked, id=21440, stack(0x0000009c12d00000,0x0000009c12e00000)]
  0x000002730fe15000 JavaThread "ForkJoinPool.commonPool-worker-9" daemon [_thread_blocked, id=21200, stack(0x0000009c12e00000,0x0000009c12f00000)]
  0x000002730fe17800 JavaThread "Java Debug Server" daemon [_thread_in_native, id=11084, stack(0x0000009c12900000,0x0000009c12a00000)]
  0x000002730fe16800 JavaThread "RxSchedulerPurge-1" daemon [_thread_blocked, id=19380, stack(0x0000009c12c00000,0x0000009c12d00000)]
  0x000002730fe19000 JavaThread "RxCachedWorkerPoolEvictor-1" daemon [_thread_blocked, id=20240, stack(0x0000009c13000000,0x0000009c13100000)]
  0x000002730fe13000 JavaThread "Bundle File Closer" daemon [_thread_blocked, id=20832, stack(0x0000009c13100000,0x0000009c13200000)]
  0x000002730f137800 JavaThread "ForkJoinPool.commonPool-worker-45" daemon [_thread_blocked, id=22764, stack(0x0000009c0f400000,0x0000009c0f500000)]
  0x000002730f13b000 JavaThread "ForkJoinPool.commonPool-worker-31" daemon [_thread_blocked, id=15572, stack(0x0000009c0e600000,0x0000009c0e700000)]
  0x000002730f135000 JavaThread "ForkJoinPool.commonPool-worker-17" daemon [_thread_blocked, id=21472, stack(0x0000009c0f800000,0x0000009c0f900000)]
  0x000002730f13b800 JavaThread "Worker-10" [_thread_blocked, id=22728, stack(0x0000009c10800000,0x0000009c10900000)]
  0x00000273039f7800 JavaThread "ForkJoinPool.commonPool-worker-3" daemon [_thread_blocked, id=6564, stack(0x0000009c12200000,0x0000009c12300000)]
  0x00000273039fa000 JavaThread "Worker-11" [_thread_blocked, id=21508, stack(0x0000009c12300000,0x0000009c12400000)]
  0x00000273039f7000 JavaThread "ForkJoinPool.commonPool-worker-53" daemon [_thread_blocked, id=17840, stack(0x0000009c11f00000,0x0000009c12000000)]
  0x00000273039fb000 JavaThread "ForkJoinPool.commonPool-worker-39" daemon [_thread_blocked, id=21904, stack(0x0000009c12400000,0x0000009c12500000)]
  0x00000273039f9800 JavaThread "ForkJoinPool.commonPool-worker-25" daemon [_thread_blocked, id=16748, stack(0x0000009c11d00000,0x0000009c11e00000)]
  0x00000273039f6000 JavaThread "ForkJoinPool.commonPool-worker-11" daemon [_thread_blocked, id=8360, stack(0x0000009c10100000,0x0000009c10200000)]
  0x000002730fe11000 JavaThread "ForkJoinPool.commonPool-worker-61" daemon [_thread_blocked, id=16988, stack(0x0000009c12700000,0x0000009c12800000)]
  0x000002730fe0b000 JavaThread "ForkJoinPool.commonPool-worker-47" daemon [_thread_blocked, id=13416, stack(0x0000009c12800000,0x0000009c12900000)]
  0x000002730f13f000 JavaThread "ForkJoinPool.commonPool-worker-33" daemon [_thread_blocked, id=7856, stack(0x0000009c10700000,0x0000009c10800000)]
  0x000002730f13d800 JavaThread "pool-3-thread-4" [_thread_in_native, id=21144, stack(0x0000009c0e700000,0x0000009c0e800000)]
  0x000002730fe0c000 JavaThread "ForkJoinPool.commonPool-worker-19" daemon [_thread_blocked, id=21404, stack(0x0000009c10200000,0x0000009c10300000)]
  0x000002730fe15800 JavaThread "RxNewThreadScheduler-9" daemon [_thread_blocked, id=23116, stack(0x0000009c11200000,0x0000009c11300000)]
  0x000002730f13e000 JavaThread "Packet Receive Manager" daemon [_thread_in_native, id=23152, stack(0x0000009c11400000,0x0000009c11500000)]
  0x000002730f13a000 JavaThread "Packet Send Manager" daemon [_thread_blocked, id=9956, stack(0x0000009c12600000,0x0000009c12700000)]
  0x000002730f139000 JavaThread "Debuggee Stdout Handler" daemon [_thread_in_native, id=21876, stack(0x0000009c12a00000,0x0000009c12b00000)]
  0x000002730f13f800 JavaThread "Debuggee Stderr Handler" daemon [_thread_in_native, id=19284, stack(0x0000009c12f00000,0x0000009c13000000)]
  0x000002730f140800 JavaThread "Event Hub" daemon [_thread_blocked, id=8964, stack(0x0000009c13200000,0x0000009c13300000)]
  0x000002730f141800 JavaThread "RxNewThreadScheduler-10" daemon [_thread_blocked, id=9960, stack(0x0000009c0e800000,0x0000009c0e900000)]

Other Threads:
  0x000002737cdf0800 VMThread "VM Thread" [stack: 0x0000009c0eb00000,0x0000009c0ec00000] [id=22012]
  0x00000273021d1000 WatcherThread [stack: 0x0000009c0f700000,0x0000009c0f800000] [id=21668]
  0x00000273629dd800 GCTaskThread "ParGC Thread#0" [stack: 0x0000009c0ea00000,0x0000009c0eb00000] [id=22140]
  0x0000027302db7800 GCTaskThread "ParGC Thread#1" [stack: 0x0000009c0fc00000,0x0000009c0fd00000] [id=21868]
  0x0000027302db8000 GCTaskThread "ParGC Thread#2" [stack: 0x0000009c0fd00000,0x0000009c0fe00000] [id=22328]
  0x000002730291d800 GCTaskThread "ParGC Thread#3" [stack: 0x0000009c0fe00000,0x0000009c0ff00000] [id=4676]
  0x0000027303787800 GCTaskThread "ParGC Thread#4" [stack: 0x0000009c10500000,0x0000009c10600000] [id=17244]
  0x0000027303793000 GCTaskThread "ParGC Thread#5" [stack: 0x0000009c10600000,0x0000009c10700000] [id=23420]
  0x000002730397a000 GCTaskThread "ParGC Thread#6" [stack: 0x0000009c10b00000,0x0000009c10c00000] [id=16720]
  0x0000027303aeb000 GCTaskThread "ParGC Thread#7" [stack: 0x0000009c10c00000,0x0000009c10d00000] [id=22512]
  0x0000027304efa000 GCTaskThread "ParGC Thread#8" [stack: 0x0000009c10d00000,0x0000009c10e00000] [id=17008]
  0x0000027304efb000 GCTaskThread "ParGC Thread#9" [stack: 0x0000009c10e00000,0x0000009c10f00000] [id=15036]
  0x0000027303959000 GCTaskThread "ParGC Thread#10" [stack: 0x0000009c10f00000,0x0000009c11000000] [id=12152]
  0x0000027303959800 GCTaskThread "ParGC Thread#11" [stack: 0x0000009c11000000,0x0000009c11100000] [id=6492]
  0x00000273052b5000 GCTaskThread "ParGC Thread#12" [stack: 0x0000009c11700000,0x0000009c11800000] [id=20860]
  0x000002730526e800 GCTaskThread "ParGC Thread#13" [stack: 0x0000009c11800000,0x0000009c11900000] [id=3164]
  0x0000027305190000 GCTaskThread "ParGC Thread#14" [stack: 0x0000009c11900000,0x0000009c11a00000] [id=22804]
  0x00000273050be000 GCTaskThread "ParGC Thread#15" [stack: 0x0000009c11a00000,0x0000009c11b00000] [id=19064]
  0x0000027305126800 GCTaskThread "ParGC Thread#16" [stack: 0x0000009c11500000,0x0000009c11600000] [id=9860]
  0x000002730512c000 GCTaskThread "ParGC Thread#17" [stack: 0x0000009c11600000,0x0000009c11700000] [id=21092]
  0x0000027305127800 GCTaskThread "ParGC Thread#18" [stack: 0x0000009c12000000,0x0000009c12100000] [id=14724]
  0x0000027305129800 GCTaskThread "ParGC Thread#19" [stack: 0x0000009c12100000,0x0000009c12200000] [id=5624]
  0x0000027305125800 GCTaskThread "ParGC Thread#20" [stack: 0x0000009c11c00000,0x0000009c11d00000] [id=16428]
  0x0000027305128000 GCTaskThread "ParGC Thread#21" [stack: 0x0000009c11e00000,0x0000009c11f00000] [id=11384]
  0x0000027305129000 GCTaskThread "ParGC Thread#22" [stack: 0x0000009c11b00000,0x0000009c11c00000] [id=7004]

Threads with active compile tasks:
C2 CompilerThread0 617213 19055 %s!   4       org.eclipse.debug.core.sourcelookup.containers.ExternalArchiveSourceContainer::searchRoots @ 103 (420 bytes)

VM state:not at safepoint (normal execution)

VM Mutex/Monitor currently owned by a thread: None

Heap address: 0x00000000c0000000, size: 1024 MB, Compressed Oops mode: 32-bit
Narrow klass base: 0x0000000000000000, Narrow klass shift: 3
Compressed class space size: 1073741824 Address: 0x0000000100000000

Heap:
 PSYoungGen      total 7168K, used 1445K [0x00000000eab00000, 0x00000000eb480000, 0x0000000100000000)
  eden space 6656K, 14% used [0x00000000eab00000,0x00000000eabf1678,0x00000000eb180000)
  from space 512K, 93% used [0x00000000eb180000,0x00000000eb1f8020,0x00000000eb200000)
  to   space 1024K, 0% used [0x00000000eb380000,0x00000000eb380000,0x00000000eb480000)
 ParOldGen       total 218624K, used 177849K [0x00000000c0000000, 0x00000000cd580000, 0x00000000eab00000)
  object space 218624K, 81% used [0x00000000c0000000,0x00000000cadae4b8,0x00000000cd580000)
 Metaspace       used 92643K, capacity 96452K, committed 96728K, reserved 1134592K
  class space    used 9611K, capacity 10973K, committed 11008K, reserved 1048576K

Card table byte_map: [0x0000027379fc0000,0x000002737a1d0000] _byte_map_base: 0x00000273799c0000

Marking Bits: (ParMarkBitMap*) 0x00007ffeb56ce2a0
 Begin Bits: [0x000002737a330000, 0x000002737b330000)
 End Bits:   [0x000002737b330000, 0x000002737c330000)

Polling page: 0x00000273610b0000

Metaspace:

Usage:
  Non-class:     83.48 MB capacity,    81.09 MB ( 97%) used,     2.18 MB (  3%) free+waste,   218.25 KB ( <1%) overhead. 
      Class:     10.72 MB capacity,     9.39 MB ( 88%) used,     1.24 MB ( 12%) free+waste,    95.19 KB ( <1%) overhead. 
       Both:     94.19 MB capacity,    90.47 MB ( 96%) used,     3.41 MB (  4%) free+waste,   313.44 KB ( <1%) overhead. 

Virtual space:
  Non-class space:       84.00 MB reserved,      83.71 MB (>99%) committed 
      Class space:        1.00 GB reserved,      10.75 MB (  1%) committed 
             Both:        1.08 GB reserved,      94.46 MB (  9%) committed 

Chunk freelists:
   Non-Class:  6.13 KB
       Class:  384 bytes
        Both:  6.50 KB

CodeHeap 'non-profiled nmethods': size=118912Kb used=13932Kb max_used=14749Kb free=104979Kb
 bounds [0x00000273729c0000, 0x0000027373830000, 0x0000027379de0000]
CodeHeap 'profiled nmethods': size=118848Kb used=33064Kb max_used=33301Kb free=85783Kb
 bounds [0x000002736b5b0000, 0x000002736d680000, 0x00000273729c0000]
CodeHeap 'non-nmethods': size=8000Kb used=1336Kb max_used=3642Kb free=6663Kb
 bounds [0x000002736ade0000, 0x000002736b280000, 0x000002736b5b0000]
 total_blobs=14984 nmethods=14235 adapters=656
 compilation: enabled
              stopped_count=0, restarted_count=0
 full_count=0

Compilation events (10 events):
Event: 616.103 Thread 0x000002737cf2a000 nmethod 19051 0x0000027372f1b310 code [0x0000027372f1b4a0, 0x0000027372f1b598]
Event: 616.844 Thread 0x000002737cf2a000 19052   !   4       com.google.gson.Gson::toJson (34 bytes)
Event: 616.849 Thread 0x000002737cf2a000 nmethod 19052 0x0000027373068210 code [0x00000273730683e0, 0x0000027373068858]
Event: 616.849 Thread 0x000002737cf2a000 19053       4       com.google.gson.Gson::newJsonWriter (45 bytes)
Event: 616.850 Thread 0x000002737cf2a000 nmethod 19053 0x0000027373067b90 code [0x0000027373067d40, 0x0000027373067fd8]
Event: 616.850 Thread 0x000002737cf2a000 19054       4       com.google.gson.stream.JsonWriter::<init> (54 bytes)
Event: 616.851 Thread 0x000002737cf2a000 nmethod 19054 0x0000027372f6e210 code [0x0000027372f6e3a0, 0x0000027372f6e538]
Event: 617.147 Thread 0x000002737cf2a000 19055 %s!   4       org.eclipse.debug.core.sourcelookup.containers.ExternalArchiveSourceContainer::searchRoots @ 103 (420 bytes)
Event: 617.155 Thread 0x000002737e373000 19056       3       java.util.regex.IntHashSet::<init> (42 bytes)
Event: 617.155 Thread 0x000002737e373000 nmethod 19056 0x000002736cb5ed10 code [0x000002736cb5eee0, 0x000002736cb5f280]

GC Heap History (10 events):
Event: 597.466 GC heap before
{Heap before GC invocations=1032 (full 24):
 PSYoungGen      total 8192K, used 7754K [0x00000000eab00000, 0x00000000eb680000, 0x0000000100000000)
  eden space 5632K, 100% used [0x00000000eab00000,0x00000000eb080000,0x00000000eb080000)
  from space 2560K, 82% used [0x00000000eb400000,0x00000000eb612988,0x00000000eb680000)
  to   space 2560K, 0% used [0x00000000eb180000,0x00000000eb180000,0x00000000eb400000)
 ParOldGen       total 218624K, used 174873K [0x00000000c0000000, 0x00000000cd580000, 0x00000000eab00000)
  object space 218624K, 79% used [0x00000000c0000000,0x00000000caac6768,0x00000000cd580000)
 Metaspace       used 92627K, capacity 96449K, committed 96728K, reserved 1134592K
  class space    used 9611K, capacity 10972K, committed 11008K, reserved 1048576K
}
Event: 597.467 GC heap after
{Heap after GC invocations=1032 (full 24):
 PSYoungGen      total 8192K, used 1466K [0x00000000eab00000, 0x00000000eb580000, 0x0000000100000000)
  eden space 6656K, 0% used [0x00000000eab00000,0x00000000eab00000,0x00000000eb180000)
  from space 1536K, 95% used [0x00000000eb180000,0x00000000eb2ee958,0x00000000eb300000)
  to   space 2048K, 0% used [0x00000000eb380000,0x00000000eb380000,0x00000000eb580000)
 ParOldGen       total 218624K, used 175858K [0x00000000c0000000, 0x00000000cd580000, 0x00000000eab00000)
  object space 218624K, 80% used [0x00000000c0000000,0x00000000cabbc858,0x00000000cd580000)
 Metaspace       used 92627K, capacity 96449K, committed 96728K, reserved 1134592K
  class space    used 9611K, capacity 10972K, committed 11008K, reserved 1048576K
}
Event: 597.472 GC heap before
{Heap before GC invocations=1033 (full 24):
 PSYoungGen      total 8192K, used 8122K [0x00000000eab00000, 0x00000000eb580000, 0x0000000100000000)
  eden space 6656K, 99% used [0x00000000eab00000,0x00000000eb17ffe8,0x00000000eb180000)
  from space 1536K, 95% used [0x00000000eb180000,0x00000000eb2ee958,0x00000000eb300000)
  to   space 2048K, 0% used [0x00000000eb380000,0x00000000eb380000,0x00000000eb580000)
 ParOldGen       total 218624K, used 175858K [0x00000000c0000000, 0x00000000cd580000, 0x00000000eab00000)
  object space 218624K, 80% used [0x00000000c0000000,0x00000000cabbc858,0x00000000cd580000)
 Metaspace       used 92631K, capacity 96449K, committed 96728K, reserved 1134592K
  class space    used 9611K, capacity 10972K, committed 11008K, reserved 1048576K
}
Event: 597.473 GC heap after
{Heap after GC invocations=1033 (full 24):
 PSYoungGen      total 8704K, used 576K [0x00000000eab00000, 0x00000000eb480000, 0x0000000100000000)
  eden space 7680K, 0% used [0x00000000eab00000,0x00000000eab00000,0x00000000eb280000)
  from space 1024K, 56% used [0x00000000eb380000,0x00000000eb410000,0x00000000eb480000)
  to   space 1024K, 0% used [0x00000000eb280000,0x00000000eb280000,0x00000000eb380000)
 ParOldGen       total 218624K, used 175890K [0x00000000c0000000, 0x00000000cd580000, 0x00000000eab00000)
  object space 218624K, 80% used [0x00000000c0000000,0x00000000cabc4858,0x00000000cd580000)
 Metaspace       used 92631K, capacity 96449K, committed 96728K, reserved 1134592K
  class space    used 9611K, capacity 10972K, committed 11008K, reserved 1048576K
}
Event: 597.478 GC heap before
{Heap before GC invocations=1034 (full 24):
 PSYoungGen      total 8704K, used 8256K [0x00000000eab00000, 0x00000000eb480000, 0x0000000100000000)
  eden space 7680K, 100% used [0x00000000eab00000,0x00000000eb280000,0x00000000eb280000)
  from space 1024K, 56% used [0x00000000eb380000,0x00000000eb410000,0x00000000eb480000)
  to   space 1024K, 0% used [0x00000000eb280000,0x00000000eb280000,0x00000000eb380000)
 ParOldGen       total 218624K, used 175890K [0x00000000c0000000, 0x00000000cd580000, 0x00000000eab00000)
  object space 218624K, 80% used [0x00000000c0000000,0x00000000cabc4858,0x00000000cd580000)
 Metaspace       used 92631K, capacity 96449K, committed 96728K, reserved 1134592K
  class space    used 9611K, capacity 10972K, committed 11008K, reserved 1048576K
}
Event: 597.479 GC heap after
{Heap after GC invocations=1034 (full 24):
 PSYoungGen      total 8704K, used 256K [0x00000000eab00000, 0x00000000eb480000, 0x0000000100000000)
  eden space 7680K, 0% used [0x00000000eab00000,0x00000000eab00000,0x00000000eb280000)
  from space 1024K, 25% used [0x00000000eb280000,0x00000000eb2c0000,0x00000000eb380000)
  to   space 512K, 0% used [0x00000000eb400000,0x00000000eb400000,0x00000000eb480000)
 ParOldGen       total 218624K, used 176002K [0x00000000c0000000, 0x00000000cd580000, 0x00000000eab00000)
  object space 218624K, 80% used [0x00000000c0000000,0x00000000cabe0858,0x00000000cd580000)
 Metaspace       used 92631K, capacity 96449K, committed 96728K, reserved 1134592K
  class space    used 9611K, capacity 10972K, committed 11008K, reserved 1048576K
}
Event: 602.243 GC heap before
{Heap before GC invocations=1035 (full 24):
 PSYoungGen      total 8704K, used 7936K [0x00000000eab00000, 0x00000000eb480000, 0x0000000100000000)
  eden space 7680K, 100% used [0x00000000eab00000,0x00000000eb280000,0x00000000eb280000)
  from space 1024K, 25% used [0x00000000eb280000,0x00000000eb2c0000,0x00000000eb380000)
  to   space 512K, 0% used [0x00000000eb400000,0x00000000eb400000,0x00000000eb480000)
 ParOldGen       total 218624K, used 176002K [0x00000000c0000000, 0x00000000cd580000, 0x00000000eab00000)
  object space 218624K, 80% used [0x00000000c0000000,0x00000000cabe0858,0x00000000cd580000)
 Metaspace       used 92640K, capacity 96449K, committed 96728K, reserved 1134592K
  class space    used 9611K, capacity 10972K, committed 11008K, reserved 1048576K
}
Event: 602.244 GC heap after
{Heap after GC invocations=1035 (full 24):
 PSYoungGen      total 7168K, used 497K [0x00000000eab00000, 0x00000000eb880000, 0x0000000100000000)
  eden space 6656K, 0% used [0x00000000eab00000,0x00000000eab00000,0x00000000eb180000)
  from space 512K, 97% used [0x00000000eb400000,0x00000000eb47c628,0x00000000eb480000)
  to   space 2560K, 0% used [0x00000000eb180000,0x00000000eb180000,0x00000000eb400000)
 ParOldGen       total 218624K, used 177375K [0x00000000c0000000, 0x00000000cd580000, 0x00000000eab00000)
  object space 218624K, 81% used [0x00000000c0000000,0x00000000cad37e90,0x00000000cd580000)
 Metaspace       used 92640K, capacity 96449K, committed 96728K, reserved 1134592K
  class space    used 9611K, capacity 10972K, committed 11008K, reserved 1048576K
}
Event: 617.156 GC heap before
{Heap before GC invocations=1036 (full 24):
 PSYoungGen      total 7168K, used 7153K [0x00000000eab00000, 0x00000000eb880000, 0x0000000100000000)
  eden space 6656K, 100% used [0x00000000eab00000,0x00000000eb180000,0x00000000eb180000)
  from space 512K, 97% used [0x00000000eb400000,0x00000000eb47c628,0x00000000eb480000)
  to   space 2560K, 0% used [0x00000000eb180000,0x00000000eb180000,0x00000000eb400000)
 ParOldGen       total 218624K, used 177375K [0x00000000c0000000, 0x00000000cd580000, 0x00000000eab00000)
  object space 218624K, 81% used [0x00000000c0000000,0x00000000cad37e90,0x00000000cd580000)
 Metaspace       used 92643K, capacity 96452K, committed 96728K, reserved 1134592K
  class space    used 9611K, capacity 10973K, committed 11008K, reserved 1048576K
}
Event: 617.187 GC heap after
{Heap after GC invocations=1036 (full 24):
 PSYoungGen      total 7168K, used 480K [0x00000000eab00000, 0x00000000eb480000, 0x0000000100000000)
  eden space 6656K, 0% used [0x00000000eab00000,0x00000000eab00000,0x00000000eb180000)
  from space 512K, 93% used [0x00000000eb180000,0x00000000eb1f8020,0x00000000eb200000)
  to   space 1024K, 0% used [0x00000000eb380000,0x00000000eb380000,0x00000000eb480000)
 ParOldGen       total 218624K, used 177849K [0x00000000c0000000, 0x00000000cd580000, 0x00000000eab00000)
  object space 218624K, 81% used [0x00000000c0000000,0x00000000cadae4b8,0x00000000cd580000)
 Metaspace       used 92643K, capacity 96452K, committed 96728K, reserved 1134592K
  class space    used 9611K, capacity 10973K, committed 11008K, reserved 1048576K
}

Deoptimization events (10 events):
Event: 554.282 Thread 0x000002730f137800 Uncommon trap: reason=intrinsic_or_type_checked_inlining action=make_not_entrant pc=0x00000273735ab870 method=org.eclipse.jdt.internal.compiler.parser.Parser.parse(Lorg/eclipse/jdt/internal/compiler/ast/MethodDeclaration;Lorg/eclipse/jdt/internal/compiler
Event: 554.869 Thread 0x000002737e528800 Uncommon trap: reason=speculate_class_check action=maybe_recompile pc=0x00000273736729a8 method=jdk.internal.ref.PhantomCleanable.clean()V @ 12 c2
Event: 554.869 Thread 0x000002730f13e000 Uncommon trap: reason=speculate_class_check action=maybe_recompile pc=0x0000027372f3de04 method=sun.security.provider.DigestBase.implCompressMultiBlock([BII)I @ 11 c2
Event: 554.869 Thread 0x000002730f13e000 Uncommon trap: reason=unstable_if action=reinterpret pc=0x00000273733c375c method=java.net.URI$Parser.scan(IIJJ)I @ 60 c2
Event: 578.076 Thread 0x000002730f137800 Uncommon trap: reason=class_check action=maybe_recompile pc=0x0000027373630c0c method=org.eclipse.jdt.internal.core.JavaElement.openWhenClosed(Ljava/lang/Object;ZLorg/eclipse/core/runtime/IProgressMonitor;)Ljava/lang/Object; @ 77 c2
Event: 596.400 Thread 0x000002730f137800 Uncommon trap: reason=intrinsic_or_type_checked_inlining action=make_not_entrant pc=0x00000273737b005c method=org.eclipse.jdt.internal.compiler.parser.Parser.getTypeReferenceForGenericType(III)Lorg/eclipse/jdt/internal/compiler/ast/TypeReference; @ 236 c2
Event: 596.812 Thread 0x000002737e528800 Uncommon trap: reason=speculate_class_check action=maybe_recompile pc=0x00000273736729a8 method=jdk.internal.ref.PhantomCleanable.clean()V @ 12 c2
Event: 596.879 Thread 0x000002730f137800 Uncommon trap: reason=null_check action=make_not_entrant pc=0x000002737365f204 method=java.lang.ThreadLocal$ThreadLocalMap.set(Ljava/lang/ThreadLocal;Ljava/lang/Object;)V @ 36 c2
Event: 597.456 Thread 0x000002730fe15800 Uncommon trap: reason=speculate_class_check action=maybe_recompile pc=0x0000027372f3de04 method=sun.security.provider.DigestBase.implCompressMultiBlock([BII)I @ 11 c2
Event: 597.458 Thread 0x000002737e528800 Uncommon trap: reason=speculate_class_check action=maybe_recompile pc=0x00000273736729a8 method=jdk.internal.ref.PhantomCleanable.clean()V @ 12 c2

Classes redefined (0 events):
No events

Internal exceptions (10 events):
Event: 617.154 Thread 0x000002730f141800 Exception <a 'sun/nio/fs/WindowsException'{0x00000000eb0d4328}> (0x00000000eb0d4328) thrown at [./open/src/hotspot/share/prims/jni.cpp, line 611]
Event: 617.154 Thread 0x000002730f141800 Exception <a 'sun/nio/fs/WindowsException'{0x00000000eb0d4de8}> (0x00000000eb0d4de8) thrown at [./open/src/hotspot/share/prims/jni.cpp, line 611]
Event: 617.156 Thread 0x000002730f141800 Exception <a 'sun/nio/fs/WindowsException'{0x00000000eb1376f8}> (0x00000000eb1376f8) thrown at [./open/src/hotspot/share/prims/jni.cpp, line 611]
Event: 617.156 Thread 0x000002730f141800 Exception <a 'sun/nio/fs/WindowsException'{0x00000000eb138208}> (0x00000000eb138208) thrown at [./open/src/hotspot/share/prims/jni.cpp, line 611]
Event: 617.187 Thread 0x000002730f141800 Exception <a 'sun/nio/fs/WindowsException'{0x00000000eab128f8}> (0x00000000eab128f8) thrown at [./open/src/hotspot/share/prims/jni.cpp, line 611]
Event: 617.187 Thread 0x000002730f141800 Exception <a 'sun/nio/fs/WindowsException'{0x00000000eab133c0}> (0x00000000eab133c0) thrown at [./open/src/hotspot/share/prims/jni.cpp, line 611]
Event: 617.189 Thread 0x000002730f141800 Exception <a 'sun/nio/fs/WindowsException'{0x00000000eab71fc0}> (0x00000000eab71fc0) thrown at [./open/src/hotspot/share/prims/jni.cpp, line 611]
Event: 617.189 Thread 0x000002730f141800 Exception <a 'sun/nio/fs/WindowsException'{0x00000000eab72a90}> (0x00000000eab72a90) thrown at [./open/src/hotspot/share/prims/jni.cpp, line 611]
Event: 617.189 Thread 0x000002730f141800 Exception <a 'sun/nio/fs/WindowsException'{0x00000000eabce440}> (0x00000000eabce440) thrown at [./open/src/hotspot/share/prims/jni.cpp, line 611]
Event: 617.189 Thread 0x000002730f141800 Exception <a 'sun/nio/fs/WindowsException'{0x00000000eabcef00}> (0x00000000eabcef00) thrown at [./open/src/hotspot/share/prims/jni.cpp, line 611]

Events (10 events):
Event: 602.244 Executing VM operation: ParallelGCFailedAllocation done
Event: 602.246 loading class io/reactivex/disposables/Disposable
Event: 602.246 loading class io/reactivex/disposables/Disposable done
Event: 602.246 loading class io/reactivex/disposables/Disposable
Event: 602.246 loading class io/reactivex/disposables/Disposable done
Event: 604.335 Thread 0x000002730f142000 Thread exited: 0x000002730f142000
Event: 617.146 Executing VM operation: RevokeBias
Event: 617.146 Executing VM operation: RevokeBias done
Event: 617.156 Executing VM operation: ParallelGCFailedAllocation
Event: 617.187 Executing VM operation: ParallelGCFailedAllocation done


Dynamic libraries:
0x00007ff62caf0000 - 0x00007ff62caff000 	C:\Program Files\Java\jdk-11.0.8\bin\java.exe
0x00007fff20c30000 - 0x00007fff20e26000 	C:\Windows\SYSTEM32\ntdll.dll
0x00007fff1f580000 - 0x00007fff1f63d000 	C:\Windows\System32\KERNEL32.DLL
0x00007fff1e6c0000 - 0x00007fff1e988000 	C:\Windows\System32\KERNELBASE.dll
0x00007fff1e560000 - 0x00007fff1e660000 	C:\Windows\System32\ucrtbase.dll
0x00007fff0c5d0000 - 0x00007fff0c5e5000 	C:\Program Files\Java\jdk-11.0.8\bin\VCRUNTIME140.dll
0x00007fff13030000 - 0x00007fff13048000 	C:\Program Files\Java\jdk-11.0.8\bin\jli.dll
0x00007fff1f6b0000 - 0x00007fff1f75a000 	C:\Windows\System32\ADVAPI32.dll
0x00007fff207c0000 - 0x00007fff2085e000 	C:\Windows\System32\msvcrt.dll
0x00007fff1eca0000 - 0x00007fff1ed3b000 	C:\Windows\System32\sechost.dll
0x00007fff202b0000 - 0x00007fff203d4000 	C:\Windows\System32\RPCRT4.dll
0x00007fff1fb90000 - 0x00007fff1fd30000 	C:\Windows\System32\USER32.dll
0x00007fff1e400000 - 0x00007fff1e422000 	C:\Windows\System32\win32u.dll
0x00007fff0c880000 - 0x00007fff0cb1b000 	C:\Windows\WinSxS\amd64_microsoft.windows.common-controls_6595b64144ccf1df_6.0.19041.488_none_ca04af081b815d21\COMCTL32.dll
0x00007fff20860000 - 0x00007fff2088a000 	C:\Windows\System32\GDI32.dll
0x00007fff1ea30000 - 0x00007fff1eb39000 	C:\Windows\System32\gdi32full.dll
0x00007fff1e990000 - 0x00007fff1ea2d000 	C:\Windows\System32\msvcp_win.dll
0x00007fff15bb0000 - 0x00007fff15bba000 	C:\Windows\SYSTEM32\VERSION.dll
0x00007fff203f0000 - 0x00007fff20420000 	C:\Windows\System32\IMM32.DLL
0x00007fff05c80000 - 0x00007fff05d1b000 	C:\Program Files\Java\jdk-11.0.8\bin\msvcp140.dll
0x00007ffeb4ca0000 - 0x00007ffeb5786000 	C:\Program Files\Java\jdk-11.0.8\bin\server\jvm.dll
0x00007fff1f570000 - 0x00007fff1f578000 	C:\Windows\System32\PSAPI.DLL
0x00007fff16460000 - 0x00007fff16469000 	C:\Windows\SYSTEM32\WSOCK32.dll
0x00007fff11970000 - 0x00007fff11997000 	C:\Windows\SYSTEM32\WINMM.dll
0x00007fff1fb20000 - 0x00007fff1fb8b000 	C:\Windows\System32\WS2_32.dll
0x00007fff1cc80000 - 0x00007fff1cc92000 	C:\Windows\SYSTEM32\kernel.appcore.dll
0x00007fff19ed0000 - 0x00007fff19ee0000 	C:\Program Files\Java\jdk-11.0.8\bin\verify.dll
0x00007fff1ca70000 - 0x00007fff1cc54000 	C:\Windows\SYSTEM32\DBGHELP.DLL
0x00007fff08460000 - 0x00007fff0848c000 	C:\Windows\SYSTEM32\dbgcore.DLL
0x00007fff1e4e0000 - 0x00007fff1e55f000 	C:\Windows\System32\bcryptPrimitives.dll
0x00007fff0c5a0000 - 0x00007fff0c5c8000 	C:\Program Files\Java\jdk-11.0.8\bin\java.dll
0x00007fff13f50000 - 0x00007fff13f5a000 	C:\Program Files\Java\jdk-11.0.8\bin\jimage.dll
0x00007fff0c360000 - 0x00007fff0c376000 	C:\Program Files\Java\jdk-11.0.8\bin\zip.dll
0x00007fff1ee30000 - 0x00007fff1f570000 	C:\Windows\System32\SHELL32.dll
0x00007fff1c200000 - 0x00007fff1c994000 	C:\Windows\SYSTEM32\windows.storage.dll
0x00007fff20890000 - 0x00007fff20be5000 	C:\Windows\System32\combase.dll
0x00007fff1ddf0000 - 0x00007fff1de1c000 	C:\Windows\SYSTEM32\Wldp.dll
0x00007fff1fd30000 - 0x00007fff1fdde000 	C:\Windows\System32\SHCORE.dll
0x00007fff204d0000 - 0x00007fff20525000 	C:\Windows\System32\shlwapi.dll
0x00007fff1e2b0000 - 0x00007fff1e2d6000 	C:\Windows\SYSTEM32\profapi.dll
0x00007fff0c340000 - 0x00007fff0c359000 	C:\Program Files\Java\jdk-11.0.8\bin\net.dll
0x00007fff149d0000 - 0x00007fff14ad0000 	C:\Windows\SYSTEM32\WINHTTP.dll
0x00007fff1db70000 - 0x00007fff1dbda000 	C:\Windows\system32\mswsock.dll
0x00007fff08200000 - 0x00007fff08212000 	C:\Program Files\Java\jdk-11.0.8\bin\nio.dll
0x00007fff1dd40000 - 0x00007fff1dd58000 	C:\Windows\SYSTEM32\CRYPTSP.dll
0x00007fff1d490000 - 0x00007fff1d4c4000 	C:\Windows\system32\rsaenh.dll
0x00007fff1e3d0000 - 0x00007fff1e3f7000 	C:\Windows\System32\bcrypt.dll
0x00007fff1e270000 - 0x00007fff1e29e000 	C:\Windows\SYSTEM32\USERENV.dll
0x00007fff1dd60000 - 0x00007fff1dd6c000 	C:\Windows\SYSTEM32\CRYPTBASE.dll
0x00007fff1d810000 - 0x00007fff1d84b000 	C:\Windows\SYSTEM32\IPHLPAPI.DLL
0x00007fff203e0000 - 0x00007fff203e9000 	C:\Windows\System32\NSI.dll
0x00007fff170c0000 - 0x00007fff170d7000 	C:\Windows\SYSTEM32\dhcpcsvc6.DLL
0x00007fff171a0000 - 0x00007fff171bd000 	C:\Windows\SYSTEM32\dhcpcsvc.DLL
0x00007fff1d860000 - 0x00007fff1d92b000 	C:\Windows\SYSTEM32\DNSAPI.dll
0x00007ffee27e0000 - 0x00007ffee280a000 	C:\Users\nico\AppData\Roaming\Code\User\globalStorage\redhat.java\0.69.0\config_win\org.eclipse.equinox.launcher\org.eclipse.equinox.launcher.win32.win32.x86_64_1.1.1300.v20200819-0940\eclipse_11100.dll
0x00007ffef2ec0000 - 0x00007ffef2ed1000 	C:\Users\nico\AppData\Roaming\Code\User\globalStorage\redhat.java\0.69.0\config_win\org.eclipse.osgi\21\0\.cp\jWinHttp-1.0.0.dll
0x00007fff1f910000 - 0x00007fff1fa3a000 	C:\Windows\System32\ole32.dll
0x00007fff086c0000 - 0x00007fff086cd000 	C:\Program Files\Java\jdk-11.0.8\bin\sunmscapi.dll
0x00007fff1eb40000 - 0x00007fff1ec9d000 	C:\Windows\System32\CRYPT32.dll
0x00007fff1de60000 - 0x00007fff1de87000 	C:\Windows\SYSTEM32\ncrypt.dll
0x00007fff1de20000 - 0x00007fff1de5b000 	C:\Windows\SYSTEM32\NTASN1.dll
0x00007fff07270000 - 0x00007fff07295000 	C:\Program Files\Java\jdk-11.0.8\bin\sunec.dll
0x0000000061650000 - 0x0000000061676000 	C:\Program Files\Bonjour\mdnsNSP.dll
0x00007fff16a10000 - 0x00007fff16a1a000 	C:\Windows\System32\rasadhlp.dll
0x00007fff12f10000 - 0x00007fff12f8f000 	C:\Windows\System32\fwpuclnt.dll
0x00007fff081d0000 - 0x00007fff081f6000 	C:\Users\nico\.gradle\native\29\windows-amd64\native-platform.dll
0x00007fff0c590000 - 0x00007fff0c599000 	C:\Program Files\Java\jdk-11.0.8\bin\management.dll
0x00007fff0afc0000 - 0x00007fff0afcb000 	C:\Program Files\Java\jdk-11.0.8\bin\management_ext.dll

dbghelp: loaded successfully - version: 4.0.5 - missing functions: none
symbol engine: initialized successfully - sym options: 0x614 - pdb path: .;C:\Program Files\Java\jdk-11.0.8\bin;C:\Windows\SYSTEM32;C:\Windows\WinSxS\amd64_microsoft.windows.common-controls_6595b64144ccf1df_6.0.19041.488_none_ca04af081b815d21;C:\Program Files\Java\jdk-11.0.8\bin\server;C:\Users\nico\AppData\Roaming\Code\User\globalStorage\redhat.java\0.69.0\config_win\org.eclipse.equinox.launcher\org.eclipse.equinox.launcher.win32.win32.x86_64_1.1.1300.v20200819-0940;C:\Users\nico\AppData\Roaming\Code\User\globalStorage\redhat.java\0.69.0\config_win\org.eclipse.osgi\21\0\.cp;C:\Program Files\Bonjour;C:\Users\nico\.gradle\native\29\windows-amd64

VM Arguments:
jvm_args: --add-modules=ALL-SYSTEM --add-opens=java.base/java.util=ALL-UNNAMED --add-opens=java.base/java.lang=ALL-UNNAMED -Declipse.application=org.eclipse.jdt.ls.core.id1 -Dosgi.bundles.defaultStartLevel=4 -Declipse.product=org.eclipse.jdt.ls.core.product -Dfile.encoding=utf8 -DwatchParentProcess=false -XX:+UseParallelGC -XX:GCTimeRatio=4 -XX:AdaptiveSizePolicyWeight=90 -Dsun.zip.disableMemoryMapping=true -Xmx1G -Xms100m -Xverify:none 
java_command: c:\Users\nico\.vscode\extensions\redhat.java-0.69.0\server\plugins\org.eclipse.equinox.launcher_1.5.800.v20200727-1323.jar -configuration c:\Users\nico\AppData\Roaming\Code\User\globalStorage\redhat.java\0.69.0\config_win -data c:\Users\nico\AppData\Roaming\Code\User\workspaceStorage\bf694bd6e8b9fedabf7e789737e17b8b\redhat.java\jdt_ws
java_class_path (initial): c:\Users\nico\.vscode\extensions\redhat.java-0.69.0\server\plugins\org.eclipse.equinox.launcher_1.5.800.v20200727-1323.jar
Launcher Type: SUN_STANDARD

[Global flags]
    uintx AdaptiveSizePolicyWeight                 = 90                                        {product} {command line}
     bool BytecodeVerificationLocal                = false                                     {product} {command line}
     bool BytecodeVerificationRemote               = false                                     {product} {command line}
     intx CICompilerCount                          = 15                                        {product} {ergonomic}
    uintx GCTimeRatio                              = 4                                         {product} {command line}
   size_t InitialHeapSize                          = 104857600                                 {product} {command line}
   size_t MaxHeapSize                              = 1073741824                                {product} {command line}
   size_t MaxNewSize                               = 357564416                                 {product} {ergonomic}
   size_t MinHeapDeltaBytes                        = 524288                                    {product} {ergonomic}
   size_t NewSize                                  = 34603008                                  {product} {ergonomic}
    uintx NonNMethodCodeHeapSize                   = 8182140                                {pd product} {ergonomic}
    uintx NonProfiledCodeHeapSize                  = 121738050                              {pd product} {ergonomic}
   size_t OldSize                                  = 70254592                                  {product} {ergonomic}
    uintx ProfiledCodeHeapSize                     = 121738050                              {pd product} {ergonomic}
    uintx ReservedCodeCacheSize                    = 251658240                              {pd product} {ergonomic}
     bool SegmentedCodeCache                       = true                                      {product} {ergonomic}
     bool UseCompressedClassPointers               = true                                 {lp64_product} {ergonomic}
     bool UseCompressedOops                        = true                                 {lp64_product} {ergonomic}
     bool UseLargePagesIndividualAllocation        = false                                  {pd product} {ergonomic}
     bool UseParallelGC                            = true                                      {product} {command line}

Logging:
Log output configuration:
 #0: stdout all=warning uptime,level,tags
 #1: stderr all=off uptime,level,tags

Environment Variables:
PATH=C:\Program Files\Common Files\Oracle\Java\javapath;C:\Program Files (x86)\Common Files\Oracle\Java\javapath;C:\Windows\system32;C:\Windows;C:\Windows\System32\Wbem;C:\Windows\System32\WindowsPowerShell\v1.0\;C:\Windows\System32\OpenSSH\;C:\Program Files (x86)\NVIDIA Corporation\PhysX\Common;C:\Program Files\NVIDIA Corporation\NVIDIA NvDLISR;C:\Program Files (x86)\Windows Kits\8.1\Windows Performance Toolkit\;C:\Program Files\nodejs\;C:\Program Files (x86)\STMicroelectronics\STM32 ST-LINK Utility\ST-LINK Utility;C:\Users\nico\scoop\shims;C:\Python39\Scripts\;C:\Python39\;C:\Users\nico\.cargo\bin;C:\Users\nico\AppData\Local\Microsoft\WindowsApps;C:\Users\nico\AppData\Local\Programs\Microsoft VS Code\bin;c:\nico\bin;C:\Users\nico\AppData\Roaming\npm;C:\nico\apps\gcc-arm\arm-none-eabi\bin;C:\nico\apps\gcc-arm\bin;C:\Program Files\Git\cmd;C:\Program Files\CMake\bin;C:\Python39\Scripts\;C:\Python39\;C:\Users\nico\.cargo\bin;C:\Users\nico\AppData\Local\Microsoft\WindowsApps;C:\Users\nico\AppData\Local\Programs\Microsoft VS Code\bin;c:\nico\bin;C:\Users\nico\AppData\Roaming\npm;C:\nico\apps\gcc-arm\arm-none-eabi\bin;C:\nico\apps\gcc-arm\bin;C:\nico\espressif\tools\xtensa-esp32-elf\esp-2020r2-8.2.0\xtensa-esp32-elf\bin;
USERNAME=nico
OS=Windows_NT
PROCESSOR_IDENTIFIER=AMD64 Family 23 Model 113 Stepping 0, AuthenticAMD



---------------  S Y S T E M  ---------------

OS: Windows 10 , 64 bit Build 19041 (10.0.19041.546)

CPU:total 32 (initial active 32) (32 cores per cpu, 2 threads per core) family 23 model 113 stepping 0, cmov, cx8, fxsr, mmx, sse, sse2, sse3, ssse3, sse4.1, sse4.2, popcnt, avx, avx2, aes, clmul, mmxext, 3dnowpref, lzcnt, sse4a, ht, tsc, tscinvbit, tscinv, bmi1, bmi2, adx, sha, fma

Memory: 4k page, system-wide physical 32680M (19875M free)
TotalPageFile size 37544M (AvailPageFile size 20522M)
current process WorkingSet (physical memory assigned to process): 591M, peak: 630M
current process commit charge ("private bytes"): 668M, peak: 728M

vm_info: Java HotSpot(TM) 64-Bit Server VM (11.0.8+10-LTS) for windows-amd64 JRE (11.0.8+10-LTS), built on Jun 16 2020 05:53:08 by "mach5one" with unknown MS VC++:1916

END.
